2025-03-30 13:17:40,916 - INFO - --- Starting Data Simulation ---
2025-03-30 13:17:40,916 - INFO - Init DB schema...
2025-03-30 13:17:40,916 - INFO - Initializing database...
2025-03-30 13:17:40,919 - INFO - Table 'nurse_inputs' checked/created.
2025-03-30 13:17:40,919 - INFO - Table 'side_effects' checked/created.
2025-03-30 13:17:40,919 - INFO - Table 'patients' checked/created.
2025-03-30 13:17:40,919 - INFO - Database initialization complete.
2025-03-30 13:17:40,919 - INFO - Generating patient main data...
2025-03-30 13:17:40,930 - INFO - Generated main data for 50 patients.
2025-03-30 13:17:40,943 - INFO - Saved main patient data (50) to CSVs.
2025-03-30 13:17:40,943 - INFO - Generating EMA data...
2025-03-30 13:17:41,011 - INFO - Generated 2850 EMA entries.
2025-03-30 13:17:41,034 - INFO - Saved 2850 EMA entries.
2025-03-30 13:17:41,034 - INFO - Generating side effects data (specific profiles for P001-P003)...
2025-03-30 13:17:41,035 - INFO - Skipping SE for P001.
2025-03-30 13:17:41,035 - INFO - Generating 1 mild/mod SE report(s) for P002.
2025-03-30 13:17:41,038 - INFO - Side effect report saved successfully for Patient ID P002.
2025-03-30 13:17:41,039 - INFO - Generating 3 sig SE report(s) for P003.
2025-03-30 13:17:41,040 - INFO - Side effect report saved successfully for Patient ID P003.
2025-03-30 13:17:41,041 - INFO - Side effect report saved successfully for Patient ID P003.
2025-03-30 13:17:41,041 - INFO - Side effect report saved successfully for Patient ID P003.
2025-03-30 13:17:41,043 - INFO - Side effect report saved successfully for Patient ID P006.
2025-03-30 13:17:41,045 - INFO - Side effect report saved successfully for Patient ID P009.
2025-03-30 13:17:41,046 - INFO - Side effect report saved successfully for Patient ID P009.
2025-03-30 13:17:41,048 - INFO - Side effect report saved successfully for Patient ID P011.
2025-03-30 13:17:41,049 - INFO - Side effect report saved successfully for Patient ID P012.
2025-03-30 13:17:41,050 - INFO - Side effect report saved successfully for Patient ID P014.
2025-03-30 13:17:41,051 - INFO - Side effect report saved successfully for Patient ID P015.
2025-03-30 13:17:41,053 - INFO - Side effect report saved successfully for Patient ID P018.
2025-03-30 13:17:41,055 - INFO - Side effect report saved successfully for Patient ID P019.
2025-03-30 13:17:41,057 - INFO - Side effect report saved successfully for Patient ID P023.
2025-03-30 13:17:41,059 - INFO - Side effect report saved successfully for Patient ID P026.
2025-03-30 13:17:41,061 - INFO - Side effect report saved successfully for Patient ID P028.
2025-03-30 13:17:41,063 - INFO - Side effect report saved successfully for Patient ID P032.
2025-03-30 13:17:41,064 - INFO - Side effect report saved successfully for Patient ID P035.
2025-03-30 13:17:41,066 - INFO - Side effect report saved successfully for Patient ID P036.
2025-03-30 13:17:41,067 - INFO - Side effect report saved successfully for Patient ID P037.
2025-03-30 13:17:41,068 - INFO - Side effect report saved successfully for Patient ID P037.
2025-03-30 13:17:41,069 - INFO - Side effect report saved successfully for Patient ID P039.
2025-03-30 13:17:41,072 - INFO - Side effect report saved successfully for Patient ID P042.
2025-03-30 13:17:41,073 - INFO - Side effect report saved successfully for Patient ID P044.
2025-03-30 13:17:41,075 - INFO - Side effect report saved successfully for Patient ID P045.
2025-03-30 13:17:41,076 - INFO - Side effect report saved successfully for Patient ID P046.
2025-03-30 13:17:41,078 - INFO - Side effect report saved successfully for Patient ID P047.
2025-03-30 13:17:41,080 - INFO - Side effect report saved successfully for Patient ID P047.
2025-03-30 13:17:41,082 - INFO - Side effect report saved successfully for Patient ID P050.
2025-03-30 13:17:41,082 - INFO - Generated/attempted 29 SE reports.
2025-03-30 13:17:41,082 - INFO - Generating nurse notes data...
2025-03-30 13:17:41,088 - INFO - Nurse inputs saved successfully for Patient ID P001.
2025-03-30 13:17:41,092 - INFO - Nurse inputs saved successfully for Patient ID P001.
2025-03-30 13:17:41,093 - INFO - Nurse inputs saved successfully for Patient ID P001.
2025-03-30 13:17:41,095 - INFO - Nurse inputs saved successfully for Patient ID P002.
2025-03-30 13:17:41,096 - INFO - Nurse inputs saved successfully for Patient ID P002.
2025-03-30 13:17:41,096 - INFO - Nurse inputs saved successfully for Patient ID P002.
2025-03-30 13:17:41,098 - INFO - Nurse inputs saved successfully for Patient ID P003.
2025-03-30 13:17:41,099 - INFO - Nurse inputs saved successfully for Patient ID P003.
2025-03-30 13:17:41,100 - INFO - Nurse inputs saved successfully for Patient ID P003.
2025-03-30 13:17:41,101 - INFO - Nurse inputs saved successfully for Patient ID P004.
2025-03-30 13:17:41,102 - INFO - Nurse inputs saved successfully for Patient ID P004.
2025-03-30 13:17:41,103 - INFO - Nurse inputs saved successfully for Patient ID P004.
2025-03-30 13:17:41,105 - INFO - Nurse inputs saved successfully for Patient ID P005.
2025-03-30 13:17:41,106 - INFO - Nurse inputs saved successfully for Patient ID P005.
2025-03-30 13:17:41,107 - INFO - Nurse inputs saved successfully for Patient ID P005.
2025-03-30 13:17:41,108 - INFO - Nurse inputs saved successfully for Patient ID P006.
2025-03-30 13:17:41,109 - INFO - Nurse inputs saved successfully for Patient ID P006.
2025-03-30 13:17:41,110 - INFO - Nurse inputs saved successfully for Patient ID P006.
2025-03-30 13:17:41,111 - INFO - Nurse inputs saved successfully for Patient ID P007.
2025-03-30 13:17:41,112 - INFO - Nurse inputs saved successfully for Patient ID P007.
2025-03-30 13:17:41,113 - INFO - Nurse inputs saved successfully for Patient ID P007.
2025-03-30 13:17:41,115 - INFO - Nurse inputs saved successfully for Patient ID P008.
2025-03-30 13:17:41,115 - INFO - Nurse inputs saved successfully for Patient ID P008.
2025-03-30 13:17:41,116 - INFO - Nurse inputs saved successfully for Patient ID P008.
2025-03-30 13:17:41,117 - INFO - Nurse inputs saved successfully for Patient ID P009.
2025-03-30 13:17:41,118 - INFO - Nurse inputs saved successfully for Patient ID P009.
2025-03-30 13:17:41,120 - INFO - Nurse inputs saved successfully for Patient ID P009.
2025-03-30 13:17:41,121 - INFO - Nurse inputs saved successfully for Patient ID P010.
2025-03-30 13:17:41,122 - INFO - Nurse inputs saved successfully for Patient ID P010.
2025-03-30 13:17:41,123 - INFO - Nurse inputs saved successfully for Patient ID P010.
2025-03-30 13:17:41,125 - INFO - Nurse inputs saved successfully for Patient ID P011.
2025-03-30 13:17:41,126 - INFO - Nurse inputs saved successfully for Patient ID P011.
2025-03-30 13:17:41,127 - INFO - Nurse inputs saved successfully for Patient ID P011.
2025-03-30 13:17:41,128 - INFO - Nurse inputs saved successfully for Patient ID P012.
2025-03-30 13:17:41,129 - INFO - Nurse inputs saved successfully for Patient ID P012.
2025-03-30 13:17:41,130 - INFO - Nurse inputs saved successfully for Patient ID P012.
2025-03-30 13:17:41,132 - INFO - Nurse inputs saved successfully for Patient ID P013.
2025-03-30 13:17:41,133 - INFO - Nurse inputs saved successfully for Patient ID P013.
2025-03-30 13:17:41,133 - INFO - Nurse inputs saved successfully for Patient ID P013.
2025-03-30 13:17:41,135 - INFO - Nurse inputs saved successfully for Patient ID P014.
2025-03-30 13:17:41,136 - INFO - Nurse inputs saved successfully for Patient ID P014.
2025-03-30 13:17:41,138 - INFO - Nurse inputs saved successfully for Patient ID P014.
2025-03-30 13:17:41,139 - INFO - Nurse inputs saved successfully for Patient ID P015.
2025-03-30 13:17:41,140 - INFO - Nurse inputs saved successfully for Patient ID P015.
2025-03-30 13:17:41,141 - INFO - Nurse inputs saved successfully for Patient ID P015.
2025-03-30 13:17:41,142 - INFO - Nurse inputs saved successfully for Patient ID P016.
2025-03-30 13:17:41,143 - INFO - Nurse inputs saved successfully for Patient ID P016.
2025-03-30 13:17:41,144 - INFO - Nurse inputs saved successfully for Patient ID P016.
2025-03-30 13:17:41,145 - INFO - Nurse inputs saved successfully for Patient ID P017.
2025-03-30 13:17:41,146 - INFO - Nurse inputs saved successfully for Patient ID P017.
2025-03-30 13:17:41,147 - INFO - Nurse inputs saved successfully for Patient ID P017.
2025-03-30 13:17:41,148 - INFO - Nurse inputs saved successfully for Patient ID P018.
2025-03-30 13:17:41,149 - INFO - Nurse inputs saved successfully for Patient ID P018.
2025-03-30 13:17:41,150 - INFO - Nurse inputs saved successfully for Patient ID P018.
2025-03-30 13:17:41,151 - INFO - Nurse inputs saved successfully for Patient ID P019.
2025-03-30 13:17:41,152 - INFO - Nurse inputs saved successfully for Patient ID P019.
2025-03-30 13:17:41,153 - INFO - Nurse inputs saved successfully for Patient ID P019.
2025-03-30 13:17:41,154 - INFO - Nurse inputs saved successfully for Patient ID P020.
2025-03-30 13:17:41,155 - INFO - Nurse inputs saved successfully for Patient ID P020.
2025-03-30 13:17:41,156 - INFO - Nurse inputs saved successfully for Patient ID P020.
2025-03-30 13:17:41,157 - INFO - Nurse inputs saved successfully for Patient ID P021.
2025-03-30 13:17:41,158 - INFO - Nurse inputs saved successfully for Patient ID P021.
2025-03-30 13:17:41,159 - INFO - Nurse inputs saved successfully for Patient ID P021.
2025-03-30 13:17:41,160 - INFO - Nurse inputs saved successfully for Patient ID P022.
2025-03-30 13:17:41,160 - INFO - Nurse inputs saved successfully for Patient ID P022.
2025-03-30 13:17:41,161 - INFO - Nurse inputs saved successfully for Patient ID P022.
2025-03-30 13:17:41,163 - INFO - Nurse inputs saved successfully for Patient ID P023.
2025-03-30 13:17:41,163 - INFO - Nurse inputs saved successfully for Patient ID P023.
2025-03-30 13:17:41,164 - INFO - Nurse inputs saved successfully for Patient ID P023.
2025-03-30 13:17:41,165 - INFO - Nurse inputs saved successfully for Patient ID P024.
2025-03-30 13:17:41,166 - INFO - Nurse inputs saved successfully for Patient ID P024.
2025-03-30 13:17:41,167 - INFO - Nurse inputs saved successfully for Patient ID P024.
2025-03-30 13:17:41,169 - INFO - Nurse inputs saved successfully for Patient ID P025.
2025-03-30 13:17:41,171 - INFO - Nurse inputs saved successfully for Patient ID P025.
2025-03-30 13:17:41,172 - INFO - Nurse inputs saved successfully for Patient ID P025.
2025-03-30 13:17:41,174 - INFO - Nurse inputs saved successfully for Patient ID P026.
2025-03-30 13:17:41,175 - INFO - Nurse inputs saved successfully for Patient ID P026.
2025-03-30 13:17:41,176 - INFO - Nurse inputs saved successfully for Patient ID P026.
2025-03-30 13:17:41,177 - INFO - Nurse inputs saved successfully for Patient ID P027.
2025-03-30 13:17:41,178 - INFO - Nurse inputs saved successfully for Patient ID P027.
2025-03-30 13:17:41,179 - INFO - Nurse inputs saved successfully for Patient ID P027.
2025-03-30 13:17:41,180 - INFO - Nurse inputs saved successfully for Patient ID P028.
2025-03-30 13:17:41,181 - INFO - Nurse inputs saved successfully for Patient ID P028.
2025-03-30 13:17:41,182 - INFO - Nurse inputs saved successfully for Patient ID P028.
2025-03-30 13:17:41,183 - INFO - Nurse inputs saved successfully for Patient ID P029.
2025-03-30 13:17:41,184 - INFO - Nurse inputs saved successfully for Patient ID P029.
2025-03-30 13:17:41,185 - INFO - Nurse inputs saved successfully for Patient ID P029.
2025-03-30 13:17:41,186 - INFO - Nurse inputs saved successfully for Patient ID P030.
2025-03-30 13:17:41,187 - INFO - Nurse inputs saved successfully for Patient ID P030.
2025-03-30 13:17:41,188 - INFO - Nurse inputs saved successfully for Patient ID P030.
2025-03-30 13:17:41,189 - INFO - Nurse inputs saved successfully for Patient ID P031.
2025-03-30 13:17:41,190 - INFO - Nurse inputs saved successfully for Patient ID P031.
2025-03-30 13:17:41,191 - INFO - Nurse inputs saved successfully for Patient ID P031.
2025-03-30 13:17:41,192 - INFO - Nurse inputs saved successfully for Patient ID P032.
2025-03-30 13:17:41,193 - INFO - Nurse inputs saved successfully for Patient ID P032.
2025-03-30 13:17:41,194 - INFO - Nurse inputs saved successfully for Patient ID P032.
2025-03-30 13:17:41,195 - INFO - Nurse inputs saved successfully for Patient ID P033.
2025-03-30 13:17:41,196 - INFO - Nurse inputs saved successfully for Patient ID P033.
2025-03-30 13:17:41,197 - INFO - Nurse inputs saved successfully for Patient ID P033.
2025-03-30 13:17:41,198 - INFO - Nurse inputs saved successfully for Patient ID P034.
2025-03-30 13:17:41,199 - INFO - Nurse inputs saved successfully for Patient ID P034.
2025-03-30 13:17:41,200 - INFO - Nurse inputs saved successfully for Patient ID P034.
2025-03-30 13:17:41,201 - INFO - Nurse inputs saved successfully for Patient ID P035.
2025-03-30 13:17:41,201 - INFO - Nurse inputs saved successfully for Patient ID P035.
2025-03-30 13:17:41,202 - INFO - Nurse inputs saved successfully for Patient ID P035.
2025-03-30 13:17:41,204 - INFO - Nurse inputs saved successfully for Patient ID P036.
2025-03-30 13:17:41,205 - INFO - Nurse inputs saved successfully for Patient ID P036.
2025-03-30 13:17:41,205 - INFO - Nurse inputs saved successfully for Patient ID P036.
2025-03-30 13:17:41,207 - INFO - Nurse inputs saved successfully for Patient ID P037.
2025-03-30 13:17:41,207 - INFO - Nurse inputs saved successfully for Patient ID P037.
2025-03-30 13:17:41,208 - INFO - Nurse inputs saved successfully for Patient ID P037.
2025-03-30 13:17:41,209 - INFO - Nurse inputs saved successfully for Patient ID P038.
2025-03-30 13:17:41,210 - INFO - Nurse inputs saved successfully for Patient ID P038.
2025-03-30 13:17:41,211 - INFO - Nurse inputs saved successfully for Patient ID P038.
2025-03-30 13:17:41,212 - INFO - Nurse inputs saved successfully for Patient ID P039.
2025-03-30 13:17:41,213 - INFO - Nurse inputs saved successfully for Patient ID P039.
2025-03-30 13:17:41,214 - INFO - Nurse inputs saved successfully for Patient ID P039.
2025-03-30 13:17:41,215 - INFO - Nurse inputs saved successfully for Patient ID P040.
2025-03-30 13:17:41,216 - INFO - Nurse inputs saved successfully for Patient ID P040.
2025-03-30 13:17:41,217 - INFO - Nurse inputs saved successfully for Patient ID P040.
2025-03-30 13:17:41,218 - INFO - Nurse inputs saved successfully for Patient ID P041.
2025-03-30 13:17:41,219 - INFO - Nurse inputs saved successfully for Patient ID P041.
2025-03-30 13:17:41,220 - INFO - Nurse inputs saved successfully for Patient ID P041.
2025-03-30 13:17:41,221 - INFO - Nurse inputs saved successfully for Patient ID P042.
2025-03-30 13:17:41,222 - INFO - Nurse inputs saved successfully for Patient ID P042.
2025-03-30 13:17:41,223 - INFO - Nurse inputs saved successfully for Patient ID P042.
2025-03-30 13:17:41,224 - INFO - Nurse inputs saved successfully for Patient ID P043.
2025-03-30 13:17:41,225 - INFO - Nurse inputs saved successfully for Patient ID P043.
2025-03-30 13:17:41,226 - INFO - Nurse inputs saved successfully for Patient ID P043.
2025-03-30 13:17:41,227 - INFO - Nurse inputs saved successfully for Patient ID P044.
2025-03-30 13:17:41,227 - INFO - Nurse inputs saved successfully for Patient ID P044.
2025-03-30 13:17:41,228 - INFO - Nurse inputs saved successfully for Patient ID P044.
2025-03-30 13:17:41,230 - INFO - Nurse inputs saved successfully for Patient ID P045.
2025-03-30 13:17:41,231 - INFO - Nurse inputs saved successfully for Patient ID P045.
2025-03-30 13:17:41,231 - INFO - Nurse inputs saved successfully for Patient ID P045.
2025-03-30 13:17:41,233 - INFO - Nurse inputs saved successfully for Patient ID P046.
2025-03-30 13:17:41,233 - INFO - Nurse inputs saved successfully for Patient ID P046.
2025-03-30 13:17:41,234 - INFO - Nurse inputs saved successfully for Patient ID P046.
2025-03-30 13:17:41,235 - INFO - Nurse inputs saved successfully for Patient ID P047.
2025-03-30 13:17:41,236 - INFO - Nurse inputs saved successfully for Patient ID P047.
2025-03-30 13:17:41,237 - INFO - Nurse inputs saved successfully for Patient ID P047.
2025-03-30 13:17:41,239 - INFO - Nurse inputs saved successfully for Patient ID P048.
2025-03-30 13:17:41,240 - INFO - Nurse inputs saved successfully for Patient ID P048.
2025-03-30 13:17:41,241 - INFO - Nurse inputs saved successfully for Patient ID P048.
2025-03-30 13:17:41,242 - INFO - Nurse inputs saved successfully for Patient ID P049.
2025-03-30 13:17:41,243 - INFO - Nurse inputs saved successfully for Patient ID P049.
2025-03-30 13:17:41,244 - INFO - Nurse inputs saved successfully for Patient ID P049.
2025-03-30 13:17:41,245 - INFO - Nurse inputs saved successfully for Patient ID P050.
2025-03-30 13:17:41,246 - INFO - Nurse inputs saved successfully for Patient ID P050.
2025-03-30 13:17:41,246 - INFO - Nurse inputs saved successfully for Patient ID P050.
2025-03-30 13:17:41,246 - INFO - Generated/attempted 150 nurse notes.
2025-03-30 13:17:41,247 - INFO - Updated config/config.yaml
2025-03-30 13:17:41,247 - INFO - --- Simulation complete. ---
