2025-03-30 12:58:16,747 - INFO - --- Starting Data Simulation ---
2025-03-30 12:58:16,748 - INFO - Initializing database schema...
2025-03-30 12:58:16,748 - INFO - Initializing database...
2025-03-30 12:58:16,750 - INFO - Table 'nurse_inputs' checked/created.
2025-03-30 12:58:16,750 - INFO - Table 'side_effects' checked/created.
2025-03-30 12:58:16,750 - INFO - Table 'patients' checked/created.
2025-03-30 12:58:16,750 - INFO - Database initialization complete.
2025-03-30 12:58:16,751 - INFO - Generating patient main data...
2025-03-30 12:58:16,761 - INFO - Generated main data for 50 patients.
2025-03-30 12:58:16,775 - INFO - Saved main patient data for 50 patients to data/patient_data_with_protocol_simulated.csv and data/patient_data_simulated.csv
2025-03-30 12:58:16,775 - INFO - Generating EMA data...
2025-03-30 12:58:16,844 - INFO - Generated 2814 EMA entries.
2025-03-30 12:58:16,867 - INFO - Saved 2814 EMA entries to data/simulated_ema_data.csv
2025-03-30 12:58:16,867 - INFO - Generating side effects data...
2025-03-30 12:58:16,870 - INFO - Side effect report saved successfully for Patient ID P003.
2025-03-30 12:58:16,873 - INFO - Side effect report saved successfully for Patient ID P011.
2025-03-30 12:58:16,875 - INFO - Side effect report saved successfully for Patient ID P012.
2025-03-30 12:58:16,876 - INFO - Side effect report saved successfully for Patient ID P015.
2025-03-30 12:58:16,877 - INFO - Side effect report saved successfully for Patient ID P015.
2025-03-30 12:58:16,879 - INFO - Side effect report saved successfully for Patient ID P018.
2025-03-30 12:58:16,881 - INFO - Side effect report saved successfully for Patient ID P021.
2025-03-30 12:58:16,883 - INFO - Side effect report saved successfully for Patient ID P024.
2025-03-30 12:58:16,884 - INFO - Side effect report saved successfully for Patient ID P025.
2025-03-30 12:58:16,886 - INFO - Side effect report saved successfully for Patient ID P026.
2025-03-30 12:58:16,887 - INFO - Side effect report saved successfully for Patient ID P028.
2025-03-30 12:58:16,888 - INFO - Side effect report saved successfully for Patient ID P029.
2025-03-30 12:58:16,889 - INFO - Side effect report saved successfully for Patient ID P030.
2025-03-30 12:58:16,891 - INFO - Side effect report saved successfully for Patient ID P032.
2025-03-30 12:58:16,892 - INFO - Side effect report saved successfully for Patient ID P034.
2025-03-30 12:58:16,894 - INFO - Side effect report saved successfully for Patient ID P035.
2025-03-30 12:58:16,895 - INFO - Side effect report saved successfully for Patient ID P037.
2025-03-30 12:58:16,897 - INFO - Side effect report saved successfully for Patient ID P040.
2025-03-30 12:58:16,899 - INFO - Side effect report saved successfully for Patient ID P042.
2025-03-30 12:58:16,900 - INFO - Side effect report saved successfully for Patient ID P044.
2025-03-30 12:58:16,901 - INFO - Side effect report saved successfully for Patient ID P044.
2025-03-30 12:58:16,902 - INFO - Side effect report saved successfully for Patient ID P046.
2025-03-30 12:58:16,903 - INFO - Side effect report saved successfully for Patient ID P046.
2025-03-30 12:58:16,905 - INFO - Side effect report saved successfully for Patient ID P048.
2025-03-30 12:58:16,906 - INFO - Side effect report saved successfully for Patient ID P049.
2025-03-30 12:58:16,907 - INFO - Side effect report saved successfully for Patient ID P050.
2025-03-30 12:58:16,907 - INFO - Generated and attempted to save 26 side effect reports to database.
2025-03-30 12:58:16,907 - INFO - Generating nurse notes data...
2025-03-30 12:58:16,909 - INFO - Nurse inputs saved successfully for Patient ID P001.
2025-03-30 12:58:16,910 - INFO - Nurse inputs saved successfully for Patient ID P001.
2025-03-30 12:58:16,910 - INFO - Nurse inputs saved successfully for Patient ID P001.
2025-03-30 12:58:16,912 - INFO - Nurse inputs saved successfully for Patient ID P002.
2025-03-30 12:58:16,912 - INFO - Nurse inputs saved successfully for Patient ID P002.
2025-03-30 12:58:16,913 - INFO - Nurse inputs saved successfully for Patient ID P002.
2025-03-30 12:58:16,915 - INFO - Nurse inputs saved successfully for Patient ID P003.
2025-03-30 12:58:16,916 - INFO - Nurse inputs saved successfully for Patient ID P003.
2025-03-30 12:58:16,917 - INFO - Nurse inputs saved successfully for Patient ID P003.
2025-03-30 12:58:16,919 - INFO - Nurse inputs saved successfully for Patient ID P004.
2025-03-30 12:58:16,920 - INFO - Nurse inputs saved successfully for Patient ID P004.
2025-03-30 12:58:16,920 - INFO - Nurse inputs saved successfully for Patient ID P004.
2025-03-30 12:58:16,922 - INFO - Nurse inputs saved successfully for Patient ID P005.
2025-03-30 12:58:16,922 - INFO - Nurse inputs saved successfully for Patient ID P005.
2025-03-30 12:58:16,923 - INFO - Nurse inputs saved successfully for Patient ID P005.
2025-03-30 12:58:16,924 - INFO - Nurse inputs saved successfully for Patient ID P006.
2025-03-30 12:58:16,925 - INFO - Nurse inputs saved successfully for Patient ID P006.
2025-03-30 12:58:16,926 - INFO - Nurse inputs saved successfully for Patient ID P006.
2025-03-30 12:58:16,927 - INFO - Nurse inputs saved successfully for Patient ID P007.
2025-03-30 12:58:16,928 - INFO - Nurse inputs saved successfully for Patient ID P007.
2025-03-30 12:58:16,929 - INFO - Nurse inputs saved successfully for Patient ID P007.
2025-03-30 12:58:16,930 - INFO - Nurse inputs saved successfully for Patient ID P008.
2025-03-30 12:58:16,931 - INFO - Nurse inputs saved successfully for Patient ID P008.
2025-03-30 12:58:16,932 - INFO - Nurse inputs saved successfully for Patient ID P008.
2025-03-30 12:58:16,933 - INFO - Nurse inputs saved successfully for Patient ID P009.
2025-03-30 12:58:16,934 - INFO - Nurse inputs saved successfully for Patient ID P009.
2025-03-30 12:58:16,935 - INFO - Nurse inputs saved successfully for Patient ID P009.
2025-03-30 12:58:16,936 - INFO - Nurse inputs saved successfully for Patient ID P010.
2025-03-30 12:58:16,937 - INFO - Nurse inputs saved successfully for Patient ID P010.
2025-03-30 12:58:16,938 - INFO - Nurse inputs saved successfully for Patient ID P010.
2025-03-30 12:58:16,939 - INFO - Nurse inputs saved successfully for Patient ID P011.
2025-03-30 12:58:16,940 - INFO - Nurse inputs saved successfully for Patient ID P011.
2025-03-30 12:58:16,940 - INFO - Nurse inputs saved successfully for Patient ID P011.
2025-03-30 12:58:16,942 - INFO - Nurse inputs saved successfully for Patient ID P012.
2025-03-30 12:58:16,942 - INFO - Nurse inputs saved successfully for Patient ID P012.
2025-03-30 12:58:16,943 - INFO - Nurse inputs saved successfully for Patient ID P012.
2025-03-30 12:58:16,944 - INFO - Nurse inputs saved successfully for Patient ID P013.
2025-03-30 12:58:16,945 - INFO - Nurse inputs saved successfully for Patient ID P013.
2025-03-30 12:58:16,946 - INFO - Nurse inputs saved successfully for Patient ID P013.
2025-03-30 12:58:16,947 - INFO - Nurse inputs saved successfully for Patient ID P014.
2025-03-30 12:58:16,948 - INFO - Nurse inputs saved successfully for Patient ID P014.
2025-03-30 12:58:16,949 - INFO - Nurse inputs saved successfully for Patient ID P014.
2025-03-30 12:58:16,950 - INFO - Nurse inputs saved successfully for Patient ID P015.
2025-03-30 12:58:16,951 - INFO - Nurse inputs saved successfully for Patient ID P015.
2025-03-30 12:58:16,952 - INFO - Nurse inputs saved successfully for Patient ID P015.
2025-03-30 12:58:16,953 - INFO - Nurse inputs saved successfully for Patient ID P016.
2025-03-30 12:58:16,954 - INFO - Nurse inputs saved successfully for Patient ID P016.
2025-03-30 12:58:16,955 - INFO - Nurse inputs saved successfully for Patient ID P016.
2025-03-30 12:58:16,956 - INFO - Nurse inputs saved successfully for Patient ID P017.
2025-03-30 12:58:16,957 - INFO - Nurse inputs saved successfully for Patient ID P017.
2025-03-30 12:58:16,958 - INFO - Nurse inputs saved successfully for Patient ID P017.
2025-03-30 12:58:16,959 - INFO - Nurse inputs saved successfully for Patient ID P018.
2025-03-30 12:58:16,959 - INFO - Nurse inputs saved successfully for Patient ID P018.
2025-03-30 12:58:16,960 - INFO - Nurse inputs saved successfully for Patient ID P018.
2025-03-30 12:58:16,961 - INFO - Nurse inputs saved successfully for Patient ID P019.
2025-03-30 12:58:16,962 - INFO - Nurse inputs saved successfully for Patient ID P019.
2025-03-30 12:58:16,963 - INFO - Nurse inputs saved successfully for Patient ID P019.
2025-03-30 12:58:16,964 - INFO - Nurse inputs saved successfully for Patient ID P020.
2025-03-30 12:58:16,965 - INFO - Nurse inputs saved successfully for Patient ID P020.
2025-03-30 12:58:16,966 - INFO - Nurse inputs saved successfully for Patient ID P020.
2025-03-30 12:58:16,967 - INFO - Nurse inputs saved successfully for Patient ID P021.
2025-03-30 12:58:16,968 - INFO - Nurse inputs saved successfully for Patient ID P021.
2025-03-30 12:58:16,969 - INFO - Nurse inputs saved successfully for Patient ID P021.
2025-03-30 12:58:16,970 - INFO - Nurse inputs saved successfully for Patient ID P022.
2025-03-30 12:58:16,971 - INFO - Nurse inputs saved successfully for Patient ID P022.
2025-03-30 12:58:16,972 - INFO - Nurse inputs saved successfully for Patient ID P022.
2025-03-30 12:58:16,973 - INFO - Nurse inputs saved successfully for Patient ID P023.
2025-03-30 12:58:16,974 - INFO - Nurse inputs saved successfully for Patient ID P023.
2025-03-30 12:58:16,974 - INFO - Nurse inputs saved successfully for Patient ID P023.
2025-03-30 12:58:16,976 - INFO - Nurse inputs saved successfully for Patient ID P024.
2025-03-30 12:58:16,976 - INFO - Nurse inputs saved successfully for Patient ID P024.
2025-03-30 12:58:16,977 - INFO - Nurse inputs saved successfully for Patient ID P024.
2025-03-30 12:58:16,978 - INFO - Nurse inputs saved successfully for Patient ID P025.
2025-03-30 12:58:16,979 - INFO - Nurse inputs saved successfully for Patient ID P025.
2025-03-30 12:58:16,980 - INFO - Nurse inputs saved successfully for Patient ID P025.
2025-03-30 12:58:16,981 - INFO - Nurse inputs saved successfully for Patient ID P026.
2025-03-30 12:58:16,982 - INFO - Nurse inputs saved successfully for Patient ID P026.
2025-03-30 12:58:16,983 - INFO - Nurse inputs saved successfully for Patient ID P026.
2025-03-30 12:58:16,984 - INFO - Nurse inputs saved successfully for Patient ID P027.
2025-03-30 12:58:16,985 - INFO - Nurse inputs saved successfully for Patient ID P027.
2025-03-30 12:58:16,986 - INFO - Nurse inputs saved successfully for Patient ID P027.
2025-03-30 12:58:16,987 - INFO - Nurse inputs saved successfully for Patient ID P028.
2025-03-30 12:58:16,988 - INFO - Nurse inputs saved successfully for Patient ID P028.
2025-03-30 12:58:16,988 - INFO - Nurse inputs saved successfully for Patient ID P028.
2025-03-30 12:58:16,990 - INFO - Nurse inputs saved successfully for Patient ID P029.
2025-03-30 12:58:16,990 - INFO - Nurse inputs saved successfully for Patient ID P029.
2025-03-30 12:58:16,991 - INFO - Nurse inputs saved successfully for Patient ID P029.
2025-03-30 12:58:16,992 - INFO - Nurse inputs saved successfully for Patient ID P030.
2025-03-30 12:58:16,993 - INFO - Nurse inputs saved successfully for Patient ID P030.
2025-03-30 12:58:16,994 - INFO - Nurse inputs saved successfully for Patient ID P030.
2025-03-30 12:58:16,995 - INFO - Nurse inputs saved successfully for Patient ID P031.
2025-03-30 12:58:16,996 - INFO - Nurse inputs saved successfully for Patient ID P031.
2025-03-30 12:58:16,997 - INFO - Nurse inputs saved successfully for Patient ID P031.
2025-03-30 12:58:16,998 - INFO - Nurse inputs saved successfully for Patient ID P032.
2025-03-30 12:58:16,999 - INFO - Nurse inputs saved successfully for Patient ID P032.
2025-03-30 12:58:17,000 - INFO - Nurse inputs saved successfully for Patient ID P032.
2025-03-30 12:58:17,001 - INFO - Nurse inputs saved successfully for Patient ID P033.
2025-03-30 12:58:17,002 - INFO - Nurse inputs saved successfully for Patient ID P033.
2025-03-30 12:58:17,003 - INFO - Nurse inputs saved successfully for Patient ID P033.
2025-03-30 12:58:17,004 - INFO - Nurse inputs saved successfully for Patient ID P034.
2025-03-30 12:58:17,005 - INFO - Nurse inputs saved successfully for Patient ID P034.
2025-03-30 12:58:17,006 - INFO - Nurse inputs saved successfully for Patient ID P034.
2025-03-30 12:58:17,007 - INFO - Nurse inputs saved successfully for Patient ID P035.
2025-03-30 12:58:17,008 - INFO - Nurse inputs saved successfully for Patient ID P035.
2025-03-30 12:58:17,008 - INFO - Nurse inputs saved successfully for Patient ID P035.
2025-03-30 12:58:17,009 - INFO - Nurse inputs saved successfully for Patient ID P036.
2025-03-30 12:58:17,010 - INFO - Nurse inputs saved successfully for Patient ID P036.
2025-03-30 12:58:17,011 - INFO - Nurse inputs saved successfully for Patient ID P036.
2025-03-30 12:58:17,012 - INFO - Nurse inputs saved successfully for Patient ID P037.
2025-03-30 12:58:17,013 - INFO - Nurse inputs saved successfully for Patient ID P037.
2025-03-30 12:58:17,014 - INFO - Nurse inputs saved successfully for Patient ID P037.
2025-03-30 12:58:17,016 - INFO - Nurse inputs saved successfully for Patient ID P038.
2025-03-30 12:58:17,017 - INFO - Nurse inputs saved successfully for Patient ID P038.
2025-03-30 12:58:17,018 - INFO - Nurse inputs saved successfully for Patient ID P038.
2025-03-30 12:58:17,019 - INFO - Nurse inputs saved successfully for Patient ID P039.
2025-03-30 12:58:17,020 - INFO - Nurse inputs saved successfully for Patient ID P039.
2025-03-30 12:58:17,020 - INFO - Nurse inputs saved successfully for Patient ID P039.
2025-03-30 12:58:17,022 - INFO - Nurse inputs saved successfully for Patient ID P040.
2025-03-30 12:58:17,022 - INFO - Nurse inputs saved successfully for Patient ID P040.
2025-03-30 12:58:17,023 - INFO - Nurse inputs saved successfully for Patient ID P040.
2025-03-30 12:58:17,025 - INFO - Nurse inputs saved successfully for Patient ID P041.
2025-03-30 12:58:17,025 - INFO - Nurse inputs saved successfully for Patient ID P041.
2025-03-30 12:58:17,026 - INFO - Nurse inputs saved successfully for Patient ID P041.
2025-03-30 12:58:17,027 - INFO - Nurse inputs saved successfully for Patient ID P042.
2025-03-30 12:58:17,028 - INFO - Nurse inputs saved successfully for Patient ID P042.
2025-03-30 12:58:17,029 - INFO - Nurse inputs saved successfully for Patient ID P042.
2025-03-30 12:58:17,030 - INFO - Nurse inputs saved successfully for Patient ID P043.
2025-03-30 12:58:17,031 - INFO - Nurse inputs saved successfully for Patient ID P043.
2025-03-30 12:58:17,032 - INFO - Nurse inputs saved successfully for Patient ID P043.
2025-03-30 12:58:17,033 - INFO - Nurse inputs saved successfully for Patient ID P044.
2025-03-30 12:58:17,034 - INFO - Nurse inputs saved successfully for Patient ID P044.
2025-03-30 12:58:17,035 - INFO - Nurse inputs saved successfully for Patient ID P044.
2025-03-30 12:58:17,036 - INFO - Nurse inputs saved successfully for Patient ID P045.
2025-03-30 12:58:17,037 - INFO - Nurse inputs saved successfully for Patient ID P045.
2025-03-30 12:58:17,038 - INFO - Nurse inputs saved successfully for Patient ID P045.
2025-03-30 12:58:17,039 - INFO - Nurse inputs saved successfully for Patient ID P046.
2025-03-30 12:58:17,039 - INFO - Nurse inputs saved successfully for Patient ID P046.
2025-03-30 12:58:17,040 - INFO - Nurse inputs saved successfully for Patient ID P046.
2025-03-30 12:58:17,042 - INFO - Nurse inputs saved successfully for Patient ID P047.
2025-03-30 12:58:17,042 - INFO - Nurse inputs saved successfully for Patient ID P047.
2025-03-30 12:58:17,043 - INFO - Nurse inputs saved successfully for Patient ID P047.
2025-03-30 12:58:17,044 - INFO - Nurse inputs saved successfully for Patient ID P048.
2025-03-30 12:58:17,045 - INFO - Nurse inputs saved successfully for Patient ID P048.
2025-03-30 12:58:17,046 - INFO - Nurse inputs saved successfully for Patient ID P048.
2025-03-30 12:58:17,048 - INFO - Nurse inputs saved successfully for Patient ID P049.
2025-03-30 12:58:17,049 - INFO - Nurse inputs saved successfully for Patient ID P049.
2025-03-30 12:58:17,049 - INFO - Nurse inputs saved successfully for Patient ID P049.
2025-03-30 12:58:17,051 - INFO - Nurse inputs saved successfully for Patient ID P050.
2025-03-30 12:58:17,052 - INFO - Nurse inputs saved successfully for Patient ID P050.
2025-03-30 12:58:17,052 - INFO - Nurse inputs saved successfully for Patient ID P050.
2025-03-30 12:58:17,053 - INFO - Generated and attempted to save 150 nurse notes to database.
2025-03-30 12:58:17,053 - INFO - Updated config/config.yaml file
2025-03-30 12:58:17,053 - INFO - --- Simulation complete. ---
